{
  "RSpec": {
    "coverage": {
      "/Users/akneiling/Turing/1module/projects/enigma_2207/spec/encryptor_spec.rb": {
        "lines": [
          1,
          1,
          null,
          null,
          1,
          1,
          1,
          1,
          null,
          null,
          1,
          1,
          1,
          null,
          1,
          null,
          null,
          1,
          1,
          1,
          1,
          null,
          1,
          null,
          null,
          1,
          1,
          1,
          1,
          null,
          1,
          null,
          null,
          1,
          1,
          1,
          null,
          1,
          null,
          null,
          1,
          1,
          1,
          null,
          1,
          null,
          null,
          1,
          1,
          1,
          null,
          1,
          null,
          null,
          1,
          1,
          1,
          1,
          null,
          1,
          null,
          null,
          1,
          1,
          1,
          null,
          1,
          1,
          1,
          null,
          null,
          1,
          1,
          1,
          null,
          1,
          null,
          null,
          null,
          null
        ]
      },
      "/Users/akneiling/Turing/1module/projects/enigma_2207/lib/encryptor.rb": {
        "lines": [
          1,
          1,
          null,
          1,
          21,
          null,
          null,
          1,
          109,
          30,
          79,
          29,
          50,
          30,
          20,
          20,
          null,
          null,
          null,
          1,
          10,
          119,
          11,
          null,
          108,
          null,
          null,
          null,
          null,
          1,
          56,
          17,
          39,
          14,
          25,
          15,
          10,
          10,
          null,
          null,
          null,
          1,
          5,
          55,
          2,
          null,
          53,
          null,
          null,
          null,
          null,
          null,
          null
        ]
      },
      "/Users/akneiling/Turing/1module/projects/enigma_2207/lib/shift_generator.rb": {
        "lines": [
          1,
          null,
          1,
          null,
          null,
          1,
          14,
          14,
          14,
          14,
          14,
          14,
          14,
          null,
          null,
          1,
          14,
          14,
          14,
          14,
          14,
          14,
          14,
          null,
          null,
          1,
          13,
          13,
          13,
          52,
          null,
          null,
          null,
          null,
          null,
          null,
          null,
          null,
          null
        ]
      },
      "/Users/akneiling/Turing/1module/projects/enigma_2207/spec/enigma_spec.rb": {
        "lines": [
          1,
          1,
          1,
          1,
          null,
          1,
          1,
          1,
          1,
          null,
          null,
          1,
          1,
          1,
          null,
          null,
          1,
          1,
          1,
          null,
          null,
          1,
          1,
          1,
          null,
          1,
          null,
          null,
          1,
          1,
          1,
          null,
          1,
          null,
          null,
          1,
          1,
          1,
          null,
          1,
          null,
          null,
          1,
          1,
          1,
          null,
          1,
          1,
          null,
          null,
          1,
          1,
          1,
          null,
          1,
          1,
          1,
          null,
          null,
          1,
          1,
          1,
          1,
          null,
          null,
          1,
          1,
          1,
          1,
          null,
          null,
          1,
          1,
          1,
          1,
          1,
          null,
          null,
          null,
          null
        ]
      },
      "/Users/akneiling/Turing/1module/projects/enigma_2207/lib/enigma.rb": {
        "lines": [
          1,
          1,
          null,
          1,
          11,
          11,
          null,
          null,
          6,
          null,
          6,
          null,
          null,
          null,
          null,
          null,
          1,
          3,
          null,
          null,
          null,
          null,
          null,
          null
        ]
      },
      "/Users/akneiling/Turing/1module/projects/enigma_2207/spec/shift_generator_spec.rb": {
        "lines": [
          1,
          1,
          null,
          1,
          1,
          1,
          1,
          null,
          null,
          1,
          1,
          1,
          1,
          null,
          null,
          1,
          1,
          1,
          1,
          null,
          null,
          1,
          1,
          1,
          1,
          1,
          1,
          null,
          null,
          null
        ]
      }
    },
    "timestamp": 1659806425
  }
}
